TN:
SF:/Users/tony/Desktop/SEP/SEP_2018_Group_01/App.js
FNF:0
FNH:0
DA:19,1
LF:1
LH:1
BRF:0
BRH:0
end_of_record
TN:
SF:/Users/tony/Desktop/SEP/SEP_2018_Group_01/FieldHouse.js
FN:24,(anonymous_0)
FN:34,(anonymous_1)
FN:42,(anonymous_2)
FN:45,(anonymous_3)
FN:51,(anonymous_4)
FN:58,(anonymous_5)
FNF:6
FNH:0
FNDA:0,(anonymous_0)
FNDA:0,(anonymous_1)
FNDA:0,(anonymous_2)
FNDA:0,(anonymous_3)
FNDA:0,(anonymous_4)
FNDA:0,(anonymous_5)
DA:7,1
DA:9,1
DA:25,0
DA:26,0
DA:30,0
DA:34,0
DA:42,0
DA:45,0
DA:51,0
DA:58,0
DA:79,1
LF:11
LH:3
BRF:0
BRH:0
end_of_record
TN:
SF:/Users/tony/Desktop/SEP/SEP_2018_Group_01/HomeScreen.js
FN:30,(anonymous_0)
FN:44,(anonymous_1)
FN:49,(anonymous_2)
FN:53,(anonymous_3)
FN:68,(anonymous_4)
FN:73,(anonymous_5)
FN:93,(anonymous_6)
FN:104,(anonymous_7)
FN:115,(anonymous_8)
FN:124,(anonymous_9)
FN:124,(anonymous_10)
FNF:11
FNH:4
FNDA:0,(anonymous_0)
FNDA:1,(anonymous_1)
FNDA:1,(anonymous_2)
FNDA:0,(anonymous_3)
FNDA:0,(anonymous_4)
FNDA:2,(anonymous_5)
FNDA:0,(anonymous_6)
FNDA:3,(anonymous_7)
FNDA:0,(anonymous_8)
FNDA:0,(anonymous_9)
FNDA:0,(anonymous_10)
DA:7,1
DA:13,1
DA:14,1
DA:22,1
DA:23,1
DA:24,1
DA:25,1
DA:26,1
DA:31,0
DA:45,1
DA:46,1
DA:50,1
DA:51,1
DA:52,1
DA:53,1
DA:55,0
DA:56,0
DA:57,0
DA:58,0
DA:61,0
DA:62,0
DA:65,0
DA:67,0
DA:69,0
DA:74,2
DA:75,2
DA:79,2
DA:93,0
DA:104,3
DA:115,0
DA:124,0
DA:148,1
LF:32
LH:19
BRDA:61,0,0,0
BRDA:61,0,1,0
BRF:2
BRH:0
end_of_record
TN:
SF:/Users/tony/Desktop/SEP/SEP_2018_Group_01/RecCenter.js
FN:24,(anonymous_0)
FN:34,(anonymous_1)
FN:42,(anonymous_2)
FN:45,(anonymous_3)
FN:51,(anonymous_4)
FN:58,(anonymous_5)
FNF:6
FNH:0
FNDA:0,(anonymous_0)
FNDA:0,(anonymous_1)
FNDA:0,(anonymous_2)
FNDA:0,(anonymous_3)
FNDA:0,(anonymous_4)
FNDA:0,(anonymous_5)
DA:7,1
DA:9,1
DA:25,0
DA:26,0
DA:30,0
DA:34,0
DA:42,0
DA:45,0
DA:51,0
DA:58,0
DA:79,1
LF:11
LH:3
BRF:0
BRH:0
end_of_record
TN:
SF:/Users/tony/Desktop/SEP/SEP_2018_Group_01/images/CampusRec.jpg
FNF:0
FNH:0
DA:1,1
LF:1
LH:1
BRF:0
BRH:0
end_of_record
TN:
SF:/Users/tony/Desktop/SEP/SEP_2018_Group_01/images/FieldHouse.jpg
FNF:0
FNH:0
DA:1,1
LF:1
LH:1
BRF:0
BRH:0
end_of_record
TN:
SF:/Users/tony/Desktop/SEP/SEP_2018_Group_01/images/FitnessEast.jpg
FNF:0
FNH:0
DA:1,1
LF:1
LH:1
BRF:0
BRH:0
end_of_record
