TN:
SF:/Users/nsmith6005/GitHub/SEP_2018_Group_01/App.js
FNF:0
FNH:0
DA:33,1
LF:1
LH:1
BRF:0
BRH:0
end_of_record
TN:
SF:/Users/nsmith6005/GitHub/SEP_2018_Group_01/components/FieldHouse.js
FN:24,(anonymous_0)
FN:34,(anonymous_1)
FN:42,(anonymous_2)
FN:45,(anonymous_3)
FN:51,(anonymous_4)
FN:58,(anonymous_5)
FNF:6
FNH:0
FNDA:0,(anonymous_0)
FNDA:0,(anonymous_1)
FNDA:0,(anonymous_2)
FNDA:0,(anonymous_3)
FNDA:0,(anonymous_4)
FNDA:0,(anonymous_5)
DA:7,1
DA:9,1
DA:25,0
DA:26,0
DA:30,0
DA:34,0
DA:42,0
DA:45,0
DA:51,0
DA:58,0
DA:79,1
LF:11
LH:3
BRF:0
BRH:0
end_of_record
TN:
SF:/Users/nsmith6005/GitHub/SEP_2018_Group_01/components/HomeScreen.js
FN:44,(anonymous_0)
FN:48,(anonymous_1)
FN:61,(anonymous_2)
FN:63,(anonymous_3)
FN:83,(anonymous_4)
FN:94,(anonymous_5)
FN:113,(anonymous_6)
FN:119,(anonymous_7)
FN:156,refresh
FN:159,testing
FNF:10
FNH:4
FNDA:1,(anonymous_0)
FNDA:1,(anonymous_1)
FNDA:0,(anonymous_2)
FNDA:0,(anonymous_3)
FNDA:1,(anonymous_4)
FNDA:0,(anonymous_5)
FNDA:0,(anonymous_6)
FNDA:1,(anonymous_7)
FNDA:0,refresh
FNDA:0,testing
DA:9,1
DA:16,1
DA:17,1
DA:25,1
DA:26,1
DA:30,1
DA:31,1
DA:32,1
DA:33,1
DA:34,1
DA:35,1
DA:49,1
DA:50,1
DA:58,1
DA:59,1
DA:61,1
DA:62,0
DA:63,0
DA:64,0
DA:65,0
DA:66,0
DA:67,0
DA:68,0
DA:69,0
DA:70,0
DA:72,0
DA:84,1
DA:85,1
DA:89,1
DA:90,1
DA:91,0
DA:92,0
DA:94,0
DA:104,1
DA:113,0
DA:119,1
DA:157,0
DA:160,0
DA:163,1
LF:39
LH:23
BRF:0
BRH:0
end_of_record
TN:
SF:/Users/nsmith6005/GitHub/SEP_2018_Group_01/components/RecCenter.js
FN:24,(anonymous_0)
FN:34,(anonymous_1)
FN:42,(anonymous_2)
FN:45,(anonymous_3)
FN:51,(anonymous_4)
FN:58,(anonymous_5)
FNF:6
FNH:0
FNDA:0,(anonymous_0)
FNDA:0,(anonymous_1)
FNDA:0,(anonymous_2)
FNDA:0,(anonymous_3)
FNDA:0,(anonymous_4)
FNDA:0,(anonymous_5)
DA:7,1
DA:9,1
DA:25,0
DA:26,0
DA:30,0
DA:34,0
DA:42,0
DA:45,0
DA:51,0
DA:58,0
DA:79,1
LF:11
LH:3
BRF:0
BRH:0
end_of_record
